#
# There is insufficient memory for the Java Runtime Environment to continue.
# Native memory allocation (mmap) failed to map 335544320 bytes. Error detail: G1 virtual space
# Possible reasons:
#   The system is out of physical RAM or swap space
#   This process is running with CompressedOops enabled, and the Java Heap may be blocking the growth of the native heap
# Possible solutions:
#   Reduce memory load on the system
#   Increase physical memory or swap space
#   Check if swap backing store is full
#   Decrease Java heap size (-Xmx/-Xms)
#   Decrease number of Java threads
#   Decrease Java thread stack sizes (-Xss)
#   Set larger code cache with -XX:ReservedCodeCacheSize=
#   JVM is running with Zero Based Compressed Oops mode in which the Java heap is
#     placed in the first 32GB address space. The Java Heap base address is the
#     maximum limit for the native heap growth. Please use -XX:HeapBaseMinAddress
#     to set the Java Heap base and to place the Java Heap above 32GB virtual address.
# This output file may be truncated or incomplete.
#
#  Out of Memory Error (os_windows.cpp:3564), pid=15268, tid=21740
#
# JRE version:  (24.0.1+9) (build )
# Java VM: Java HotSpot(TM) 64-Bit Server VM (24.0.1+9-30, mixed mode, sharing, tiered, compressed oops, compressed class ptrs, g1 gc, windows-amd64)
# No core dump will be written. Minidumps are not enabled by default on client versions of Windows
#

---------------  S U M M A R Y ------------

Command Line: -Dfile.encoding=UTF-8 --module-path=C:\Users\Gabriel Prakosa A\Downloads\Documents\UNDIP EDU\PBO\Tubes-PBO-smt4-main (1)\Tubes-PBO-smt4-main\Tubes Order Makanan\build\classes ui.Main

Host: 11th Gen Intel(R) Core(TM) i3-1115G4 @ 3.00GHz, 4 cores, 19G,  Windows 11 , 64 bit Build 26100 (10.0.26100.3912)
Time: Mon Jun  2 01:42:51 2025 SE Asia Standard Time elapsed time: 0.022905 seconds (0d 0h 0m 0s)

---------------  T H R E A D  ---------------

Current thread (0x00000248d05cf8a0):  JavaThread "Unknown thread" [_thread_in_vm, id=21740, stack(0x0000007728800000,0x0000007728900000) (1024K)]

Stack: [0x0000007728800000,0x0000007728900000]
Native frames: (J=compiled Java code, j=interpreted, Vv=VM code, C=native code)
V  [jvm.dll+0x730739]  (no source info available)
V  [jvm.dll+0x8d9b23]  (no source info available)
V  [jvm.dll+0x8dc00d]  (no source info available)
V  [jvm.dll+0x8dc683]  (no source info available)
V  [jvm.dll+0x2aa086]  (no source info available)
V  [jvm.dll+0x72cc65]  (no source info available)
V  [jvm.dll+0x72059a]  (no source info available)
V  [jvm.dll+0x390cea]  (no source info available)
V  [jvm.dll+0x3989f6]  (no source info available)
V  [jvm.dll+0x38523e]  (no source info available)
V  [jvm.dll+0x3854f8]  (no source info available)
V  [jvm.dll+0x35d0cc]  (no source info available)
V  [jvm.dll+0x35dd8d]  (no source info available)
V  [jvm.dll+0x89d28f]  (no source info available)
V  [jvm.dll+0x3f985d]  (no source info available)
V  [jvm.dll+0x8858e6]  (no source info available)
V  [jvm.dll+0x495f3e]  (no source info available)
V  [jvm.dll+0x497d11]  (no source info available)
C  [jli.dll+0x52a1]  (no source info available)
C  [ucrtbase.dll+0x37b0]  (no source info available)
C  [KERNEL32.DLL+0x2e8d7]  (no source info available)
C  [ntdll.dll+0x9c5dc]  (no source info available)

Lock stack of current Java thread (top to bottom):


---------------  P R O C E S S  ---------------

Threads class SMR info:
_java_thread_list=0x00007ffd72edf318, length=0, elements={
}

Java Threads: ( => current thread )
Total: 0

Other Threads:
  0x00000248d293c120 WorkerThread "GC Thread#0"                     [id=28448, stack(0x0000007728900000,0x0000007728a00000) (1024K)]
  0x00000248d2949750 ConcurrentGCThread "G1 Main Marker"            [id=6008, stack(0x0000007728a00000,0x0000007728b00000) (1024K)]
  0x00000248d294b150 WorkerThread "G1 Conc#0"                       [id=14568, stack(0x0000007728b00000,0x0000007728c00000) (1024K)]

[error occurred during error reporting (printing all threads), id 0xc0000005, EXCEPTION_ACCESS_VIOLATION (0xc0000005) at pc=0x00007ffd726114ea]
VM state: not at safepoint (not fully initialized)

VM Mutex/Monitor currently owned by a thread:  ([mutex/lock_event])
[0x00007ffd72f645b0] Heap_lock - owner thread: 0x00000248d05cf8a0

Heap address: 0x00000006c3400000, size: 5068 MB, Compressed Oops mode: Zero based, Oop shift amount: 3

CDS archive(s) mapped at: [0x0000000000000000-0x0000000000000000-0x0000000000000000), size 0, SharedBaseAddress: 0x0000000800000000, ArchiveRelocationMode: 1.
UseCompressedClassPointers 1, UseCompactObjectHeaders 0
Narrow klass pointer bits 32, Max shift 3
Narrow klass base: 0xffffffffffffffff, Narrow klass shift: -1
Encoding Range: [0xffffffffffffffff - 0x000000007fffffff), (2147483648 bytes)
Klass Range:    [0x0000000000000000 - 0x0000000000000000), (0 bytes)
Klass ID Range:  [4294967295 - 0) (1)

GC Precious Log:
 CardTable entry size: 512
 Card Set container configuration: InlinePtr #cards 4 size 8 Array Of Cards #cards 32 size 80 Howl #buckets 8 coarsen threshold 7372 Howl Bitmap #cards 1024 size 144 coarsen threshold 921 Card regions per heap region 1 cards per card region 8192

Heap:
 garbage-first heap   total reserved 5189632K, committed 0K, used 0K [0x00000006c3400000, 0x0000000800000000)
  region size 4096K, 0 young (0K), 0 survivors (0K)

[error occurred during error reporting (printing heap information), id 0xc0000005, EXCEPTION_ACCESS_VIOLATION (0xc0000005) at pc=0x00007ffd72a2e3e9]
GC Heap History (0 events):
No events

Dll operation events (1 events):
Event: 0.008 Loaded shared library C:\Program Files\Java\jdk-24\bin\java.dll

Deoptimization events (0 events):
No events

Classes loaded (0 events):
No events

Classes unloaded (0 events):
No events

Classes redefined (0 events):
No events

Internal exceptions (0 events):
No events

VM Operations (0 events):
No events

Memory protections (0 events):
No events

Nmethod flushes (0 events):
No events

Events (0 events):
No events


Dynamic libraries:
0x00007ff7429d0000 - 0x00007ff7429e0000 	C:\Program Files\Java\jdk-24\bin\java.exe
0x00007ffe82880000 - 0x00007ffe82ae6000 	C:\WINDOWS\SYSTEM32\ntdll.dll
0x00007ffe82720000 - 0x00007ffe827e9000 	C:\WINDOWS\System32\KERNEL32.DLL
0x00007ffe7fb90000 - 0x00007ffe7ff5c000 	C:\WINDOWS\System32\KERNELBASE.dll
0x00007ffe7fa40000 - 0x00007ffe7fb8b000 	C:\WINDOWS\System32\ucrtbase.dll
0x00007ffe4acf0000 - 0x00007ffe4ad0b000 	C:\Program Files\Java\jdk-24\bin\VCRUNTIME140.dll
0x00007ffe4c780000 - 0x00007ffe4c796000 	C:\Program Files\Java\jdk-24\bin\jli.dll
0x00007ffe81540000 - 0x00007ffe8170a000 	C:\WINDOWS\System32\USER32.dll
0x00007ffe65460000 - 0x00007ffe656fa000 	C:\WINDOWS\WinSxS\amd64_microsoft.windows.common-controls_6595b64144ccf1df_6.0.26100.3912_none_3e07963ce335137e\COMCTL32.dll
0x00007ffe7fa10000 - 0x00007ffe7fa37000 	C:\WINDOWS\System32\win32u.dll
0x00007ffe81fb0000 - 0x00007ffe82059000 	C:\WINDOWS\System32\msvcrt.dll
0x00007ffe81470000 - 0x00007ffe8149b000 	C:\WINDOWS\System32\GDI32.dll
0x00007ffe80190000 - 0x00007ffe802c2000 	C:\WINDOWS\System32\gdi32full.dll
0x00007ffe800e0000 - 0x00007ffe80183000 	C:\WINDOWS\System32\msvcp_win.dll
0x00007ffe82060000 - 0x00007ffe82090000 	C:\WINDOWS\System32\IMM32.DLL
0x00007ffe5bb10000 - 0x00007ffe5bb1c000 	C:\Program Files\Java\jdk-24\bin\vcruntime140_1.dll
0x00007ffd902c0000 - 0x00007ffd9034e000 	C:\Program Files\Java\jdk-24\bin\msvcp140.dll
0x00007ffd722a0000 - 0x00007ffd73042000 	C:\Program Files\Java\jdk-24\bin\server\jvm.dll
0x00007ffe81ef0000 - 0x00007ffe81fa2000 	C:\WINDOWS\System32\ADVAPI32.dll
0x00007ffe81710000 - 0x00007ffe817b6000 	C:\WINDOWS\System32\sechost.dll
0x00007ffe81350000 - 0x00007ffe81466000 	C:\WINDOWS\System32\RPCRT4.dll
0x00007ffe80790000 - 0x00007ffe80804000 	C:\WINDOWS\System32\WS2_32.dll
0x00007ffe7eec0000 - 0x00007ffe7ef1e000 	C:\WINDOWS\SYSTEM32\POWRPROF.dll
0x00007ffe6b8c0000 - 0x00007ffe6b8f6000 	C:\WINDOWS\SYSTEM32\WINMM.dll
0x00007ffe6edb0000 - 0x00007ffe6edbb000 	C:\WINDOWS\SYSTEM32\VERSION.dll
0x00007ffe7eea0000 - 0x00007ffe7eeb4000 	C:\WINDOWS\SYSTEM32\UMPDC.dll
0x00007ffe7e7d0000 - 0x00007ffe7e7ea000 	C:\WINDOWS\SYSTEM32\kernel.appcore.dll
0x00007ffe5bae0000 - 0x00007ffe5baea000 	C:\Program Files\Java\jdk-24\bin\jimage.dll
0x00007ffe7d180000 - 0x00007ffe7d3c1000 	C:\WINDOWS\SYSTEM32\DBGHELP.DLL
0x00007ffe821c0000 - 0x00007ffe82544000 	C:\WINDOWS\System32\combase.dll
0x00007ffe811b0000 - 0x00007ffe81290000 	C:\WINDOWS\System32\OLEAUT32.dll
0x00007ffe5e620000 - 0x00007ffe5e659000 	C:\WINDOWS\SYSTEM32\dbgcore.DLL
0x00007ffe802d0000 - 0x00007ffe80369000 	C:\WINDOWS\System32\bcryptPrimitives.dll
0x00007ffe48210000 - 0x00007ffe4822e000 	C:\Program Files\Java\jdk-24\bin\java.dll
0x00007ffe81000000 - 0x00007ffe8119f000 	C:\WINDOWS\System32\ole32.dll
0x00007ffe817c0000 - 0x00007ffe81eed000 	C:\WINDOWS\System32\SHELL32.dll
0x00007ffe804c0000 - 0x00007ffe80634000 	C:\WINDOWS\System32\wintypes.dll

JVMTI agents: none

dbghelp: loaded successfully - version: 4.0.5 - missing functions: none
symbol engine: initialized successfully - sym options: 0x614 - pdb path: .;C:\Program Files\Java\jdk-24\bin;C:\WINDOWS\SYSTEM32;C:\WINDOWS\WinSxS\amd64_microsoft.windows.common-controls_6595b64144ccf1df_6.0.26100.3912_none_3e07963ce335137e;C:\Program Files\Java\jdk-24\bin\server

VM Arguments:
jvm_args: -Dfile.encoding=UTF-8 --module-path=C:\Users\Gabriel Prakosa A\Downloads\Documents\UNDIP EDU\PBO\Tubes-PBO-smt4-main (1)\Tubes-PBO-smt4-main\Tubes Order Makanan\build\classes 
java_command: ui.Main
java_class_path (initial): C:\Users\Gabriel Prakosa A\Downloads\mysql-connector-j-9.3.0.jar;C:\Users\Gabriel Prakosa A\Downloads\jbcrypt-0.4.jar;C:\Users\Gabriel Prakosa A\Downloads\Documents\UNDIP EDU\PBO\Tubes-PBO-smt4-main (1)\Tubes-PBO-smt4-main\Tubes Order Makanan\build\classes
Launcher Type: SUN_STANDARD

[Global flags]
     intx CICompilerCount                          = 3                                         {product} {ergonomic}
     uint ConcGCThreads                            = 1                                         {product} {ergonomic}
     uint G1ConcRefinementThreads                  = 4                                         {product} {ergonomic}
   size_t G1HeapRegionSize                         = 4194304                                   {product} {ergonomic}
   size_t InitialHeapSize                          = 335544320                                 {product} {ergonomic}
   size_t MarkStackSize                            = 4194304                                   {product} {ergonomic}
   size_t MarkStackSizeMax                         = 536870912                                 {product} {ergonomic}
   size_t MaxHeapSize                              = 5314183168                                {product} {ergonomic}
   size_t MinHeapDeltaBytes                        = 4194304                                   {product} {ergonomic}
   size_t MinHeapSize                              = 8388608                                   {product} {ergonomic}
    uintx NonNMethodCodeHeapSize                   = 5832704                                {pd product} {ergonomic}
    uintx NonProfiledCodeHeapSize                  = 122945536                              {pd product} {ergonomic}
    uintx ProfiledCodeHeapSize                     = 122880000                              {pd product} {ergonomic}
    uintx ReservedCodeCacheSize                    = 251658240                              {pd product} {ergonomic}
     bool SegmentedCodeCache                       = true                                      {product} {ergonomic}
   size_t SoftMaxHeapSize                          = 5314183168                             {manageable} {ergonomic}
     bool UseCompressedOops                        = true                           {product lp64_product} {ergonomic}
     bool UseG1GC                                  = true                                      {product} {ergonomic}
     bool UseLargePagesIndividualAllocation        = false                                  {pd product} {ergonomic}

Logging:
Log output configuration:
 #0: stdout all=warning uptime,level,tags foldmultilines=false
 #1: stderr all=off uptime,level,tags foldmultilines=false

Environment Variables:
PATH=C:\Program Files\Common Files\Oracle\Java\javapath;C:\WINDOWS\system32;C:\WINDOWS;C:\WINDOWS\System32\Wbem;C:\WINDOWS\System32\WindowsPowerShell\v1.0\;C:\Program Files\Git\bin;C:\dev\flutter\bin;C:\Program Files\Java\jdk-23\bin;C:\Program Files (x86)\Windows Kits\10\Windows Performance Toolkit\;C:\Program Files\nodejs\;C:\Program Files\MongoDB\Server\8.0\bin;C:\Program Files\dotnet\;C:\Windows\System32\OpenSSH;C:\Program Files (x86)\Microsoft SQL Server\160\DTS\Binn\;C:\Users\Gabriel Prakosa A\AppData\Local\Programs\Python\Python313\;C:\Users\Gabriel Prakosa A\AppData\Local\Programs\Python\Python313\Scripts;C:\Users\Gabriel Prakosa A\AppData\Local\Programs\Python\Python313\Scripts\;C:\Users\Gabriel Prakosa A\AppData\Local\Programs\Python\Python313\;C:\Program Files\Git\bin;C:\dev\flutter\bin;C:\Program Files\MySQL\MySQL Shell 8.0\bin;C:\Windows\System32\WindowsPowerShell\v1.0;C:\Users\Gabriel Prakosa A\AppData\Local\Microsoft\WindowsApps;C:\Users\Gabriel Prakosa A\AppData\Local\Programs\Microsoft VS Code\bin;C:\msys64\ucrt64\bin;C:\MinGW\bin;"C:\WINDOWS\system32;C:\WINDOWS;C:\Program Files\Java\jdk1.8.0\bin";C:\Users\Gabriel Prakosa A\AppData\Roaming\Composer\vendor\bin;C:\Users\Gabriel Prakosa A\AppData\Roaming\npm;C:\Program Files\Java\jdk-23\bin;
USERNAME=Gabriel Prakosa A
OS=Windows_NT
PROCESSOR_IDENTIFIER=Intel64 Family 6 Model 140 Stepping 1, GenuineIntel
TMP=C:\Users\GABRIE~1\AppData\Local\Temp
TEMP=C:\Users\GABRIE~1\AppData\Local\Temp




Periodic native trim disabled

---------------  S Y S T E M  ---------------

OS:
 Windows 11 , 64 bit Build 26100 (10.0.26100.3912)
OS uptime: 0 days 15:36 hours
Hyper-V role detected

CPU: total 4 (initial active 4) (2 cores per cpu, 2 threads per core) family 6 model 140 stepping 1 microcode 0x8a, cx8, cmov, fxsr, ht, mmx, 3dnowpref, sse, sse2, sse3, ssse3, sse4.1, sse4.2, popcnt, lzcnt, tsc, tscinvbit, avx, avx2, aes, erms, clmul, bmi1, bmi2, adx, avx512f, avx512dq, avx512cd, avx512bw, avx512vl, sha, fma, vzeroupper, avx512_vpopcntdq, avx512_vpclmulqdq, avx512_vaes, avx512_vnni, clflush, clflushopt, clwb, avx512_vbmi2, avx512_vbmi, hv, rdtscp, rdpid, fsrm, gfni, avx512_bitalg, f16c, cet_ibt, cet_ss, avx512_ifma
Processor Information for processor 0
  Max Mhz: 2995, Current Mhz: 2995, Mhz Limit: 2995
Processor Information for processor 1
  Max Mhz: 2995, Current Mhz: 2995, Mhz Limit: 2995
Processor Information for processor 2
  Max Mhz: 2995, Current Mhz: 998, Mhz Limit: 2995
Processor Information for processor 3
  Max Mhz: 2995, Current Mhz: 998, Mhz Limit: 2995

Memory: 4k page, system-wide physical 20259M (7846M free)
TotalPageFile size 22066M (AvailPageFile size 315M)
current process WorkingSet (physical memory assigned to process): 13M, peak: 13M
current process commit charge ("private bytes"): 52M, peak: 372M

vm_info: Java HotSpot(TM) 64-Bit Server VM (24.0.1+9-30) for windows-amd64 JRE (24.0.1+9-30), built on 2025-03-05T07:23:45Z with MS VC++ 17.6 (VS2022)

END.
